<?xml version="1.0" encoding="UTF-8"?>
<!-- Generated by org.testng.reporters.JUnitReportReporter -->
<testsuite hostname="Gauravs-MacBook-Pro.local" failures="0" tests="1" name="com.banking.testCases.TC_LoginTest_001" time="7.892" errors="0" timestamp="2021-12-18T22:13:24 IST" skipped="0">
  <testcase classname="com.banking.testCases.TC_LoginTest_001" name="loginTest" time="7.892"/>
  <system-out/>
</testsuite> <!-- com.banking.testCases.TC_LoginTest_001 -->
